<?xml version="1.0" encoding="UTF-8"?>
<!-- Generated by org.testng.reporters.JUnitXMLReporter -->
<testsuite ignored="0" hostname="CA2-WV-QA06" failures="1" tests="1" name="QA-ADD/DELETE-PREPARER" time="46.486" errors="0" timestamp="2022-11-10T14:36:22 PST">
  <testcase classname="clo.AddaNewPreparer" name="adddeleteaprep" time="16.42">
    <failure type="org.openqa.selenium.ElementClickInterceptedException" message="element click intercepted: Element &amp;lt;button tabindex=&amp;quot;0&amp;quot; class=&amp;quot;jss1044 jss1018 jss1020 jss1023 jss1064 jss1560&amp;quot; type=&amp;quot;button&amp;quot; id=&amp;quot;btnHideSettingsError&amp;quot;&amp;gt;...&amp;lt;/button&amp;gt; is not clickable at point (999, 449). Other element would receive the click: &amp;lt;button tabindex=&amp;quot;0&amp;quot; class=&amp;quot;jss1044 jss1018 jss1029 jss1030 jss1032 jss1033 jss46 jss1560&amp;quot; type=&amp;quot;button&amp;quot; id=&amp;quot;btnConfirmDialog&amp;quot;&amp;gt;...&amp;lt;/button&amp;gt;
  (Session info: chrome=107.0.5304.88)
Build info: version: &amp;apos;3.141.59&amp;apos;, revision: &amp;apos;e82be7d358&amp;apos;, time: &amp;apos;2018-11-14T08:17:03&amp;apos;
System info: host: &amp;apos;CA2-WV-QA06&amp;apos;, ip: &amp;apos;10.1.1.118&amp;apos;, os.name: &amp;apos;Windows 10&amp;apos;, os.arch: &amp;apos;amd64&amp;apos;, os.version: &amp;apos;10.0&amp;apos;, java.version: &amp;apos;17.0.3&amp;apos;
Driver info: org.openqa.selenium.chrome.ChromeDriver
Capabilities {acceptInsecureCerts: false, browserName: chrome, browserVersion: 107.0.5304.88, chrome: {chromedriverVersion: 107.0.5304.62 (1eec40d3a576..., userDataDir: C:\Users\SSREEN~1\AppData\L...}, goog:chromeOptions: {debuggerAddress: localhost:64331}, javascriptEnabled: true, networkConnectionEnabled: false, pageLoadStrategy: normal, platform: WINDOWS, platformName: WINDOWS, proxy: Proxy(), setWindowRect: true, strictFileInteractability: false, timeouts: {implicit: 0, pageLoad: 300000, script: 30000}, unhandledPromptBehavior: dismiss and notify, webauthn:extension:credBlob: true, webauthn:extension:largeBlob: true, webauthn:virtualAuthenticators: true}
Session ID: 35f1e0aef9f9aa76386a5fa2d3942473">
      <![CDATA[org.openqa.selenium.ElementClickInterceptedException: element click intercepted: Element <button tabindex="0" class="jss1044 jss1018 jss1020 jss1023 jss1064 jss1560" type="button" id="btnHideSettingsError">...</button> is not clickable at point (999, 449). Other element would receive the click: <button tabindex="0" class="jss1044 jss1018 jss1029 jss1030 jss1032 jss1033 jss46 jss1560" type="button" id="btnConfirmDialog">...</button>
  (Session info: chrome=107.0.5304.88)
Build info: version: '3.141.59', revision: 'e82be7d358', time: '2018-11-14T08:17:03'
System info: host: 'CA2-WV-QA06', ip: '10.1.1.118', os.name: 'Windows 10', os.arch: 'amd64', os.version: '10.0', java.version: '17.0.3'
Driver info: org.openqa.selenium.chrome.ChromeDriver
Capabilities {acceptInsecureCerts: false, browserName: chrome, browserVersion: 107.0.5304.88, chrome: {chromedriverVersion: 107.0.5304.62 (1eec40d3a576..., userDataDir: C:\Users\SSREEN~1\AppData\L...}, goog:chromeOptions: {debuggerAddress: localhost:64331}, javascriptEnabled: true, networkConnectionEnabled: false, pageLoadStrategy: normal, platform: WINDOWS, platformName: WINDOWS, proxy: Proxy(), setWindowRect: true, strictFileInteractability: false, timeouts: {implicit: 0, pageLoad: 300000, script: 30000}, unhandledPromptBehavior: dismiss and notify, webauthn:extension:credBlob: true, webauthn:extension:largeBlob: true, webauthn:virtualAuthenticators: true}
Session ID: 35f1e0aef9f9aa76386a5fa2d3942473
at org.openqa.selenium.remote.http.W3CHttpResponseCodec.createException(W3CHttpResponseCodec.java:187)
at org.openqa.selenium.remote.http.W3CHttpResponseCodec.decode(W3CHttpResponseCodec.java:122)
at org.openqa.selenium.remote.http.W3CHttpResponseCodec.decode(W3CHttpResponseCodec.java:49)
at org.openqa.selenium.remote.HttpCommandExecutor.execute(HttpCommandExecutor.java:158)
at org.openqa.selenium.remote.service.DriverCommandExecutor.execute(DriverCommandExecutor.java:83)
at org.openqa.selenium.remote.RemoteWebDriver.execute(RemoteWebDriver.java:552)
at org.openqa.selenium.remote.RemoteWebElement.execute(RemoteWebElement.java:285)
at org.openqa.selenium.remote.RemoteWebElement.click(RemoteWebElement.java:84)
at clo.AddaNewPreparer.addaduplicatePreparer(AddaNewPreparer.java:142)
at clo.AddaNewPreparer.adddeleteaprep(AddaNewPreparer.java:261)
at java.base/java.util.ArrayList.forEach(ArrayList.java:1511)
... Removed 32 stack frames]]>
    </failure>
  </testcase> <!-- adddeleteaprep -->
</testsuite> <!-- QA-ADD/DELETE-PREPARER -->
