<?xml version="1.0" encoding="UTF-8"?>
<!-- Generated by org.testng.reporters.JUnitXMLReporter -->
<testsuite ignored="0" hostname="CA2-WV-QA06" failures="0" tests="6" name="testinprod" time="5.628" errors="0" timestamp="2022-09-08T13:45:15 PDT">
  <testcase classname="clo.AccountSettings" name="@BeforeClass login" time="5.326">
    <failure type="org.openqa.selenium.InvalidArgumentException" message="invalid argument: user data directory is already in use, please specify a unique value for --user-data-dir argument, or don&amp;apos;t use --user-data-dir
Build info: version: &amp;apos;3.141.59&amp;apos;, revision: &amp;apos;e82be7d358&amp;apos;, time: &amp;apos;2018-11-14T08:17:03&amp;apos;
System info: host: &amp;apos;CA2-WV-QA06&amp;apos;, ip: &amp;apos;10.1.1.118&amp;apos;, os.name: &amp;apos;Windows 10&amp;apos;, os.arch: &amp;apos;amd64&amp;apos;, os.version: &amp;apos;10.0&amp;apos;, java.version: &amp;apos;17.0.3&amp;apos;
Driver info: driver.version: ChromeDriver
remote stacktrace: Backtrace:
	Ordinal0 [0x00B86463+2188387]
	Ordinal0 [0x00B1E461+1762401]
	Ordinal0 [0x00A33D78+802168]
	Ordinal0 [0x00A51BC2+924610]
	Ordinal0 [0x00A4E331+910129]
	Ordinal0 [0x00A81430+1119280]
	Ordinal0 [0x00A8108A+1118346]
	Ordinal0 [0x00A7C5F6+1099254]
	Ordinal0 [0x00A56BE0+945120]
	Ordinal0 [0x00A57AD6+948950]
	GetHandleVerifier [0x00E271F2+2712546]
	GetHandleVerifier [0x00E1886D+2652765]
	GetHandleVerifier [0x00C1002A+520730]
	GetHandleVerifier [0x00C0EE06+516086]
	Ordinal0 [0x00B2468B+1787531]
	Ordinal0 [0x00B28E88+1805960]
	Ordinal0 [0x00B28F75+1806197]
	Ordinal0 [0x00B31DF1+1842673]
	BaseThreadInitThunk [0x773F3744+36]
	RtlSetCurrentTransaction [0x77EDA7D4+212]
	RtlSetCurrentTransaction [0x77EDA79F+159]
">
      <![CDATA[org.openqa.selenium.InvalidArgumentException: invalid argument: user data directory is already in use, please specify a unique value for --user-data-dir argument, or don't use --user-data-dir
Build info: version: '3.141.59', revision: 'e82be7d358', time: '2018-11-14T08:17:03'
System info: host: 'CA2-WV-QA06', ip: '10.1.1.118', os.name: 'Windows 10', os.arch: 'amd64', os.version: '10.0', java.version: '17.0.3'
Driver info: driver.version: ChromeDriver
remote stacktrace: Backtrace:
Ordinal0 [0x00B86463+2188387]
Ordinal0 [0x00B1E461+1762401]
Ordinal0 [0x00A33D78+802168]
Ordinal0 [0x00A51BC2+924610]
Ordinal0 [0x00A4E331+910129]
Ordinal0 [0x00A81430+1119280]
Ordinal0 [0x00A8108A+1118346]
Ordinal0 [0x00A7C5F6+1099254]
Ordinal0 [0x00A56BE0+945120]
Ordinal0 [0x00A57AD6+948950]
GetHandleVerifier [0x00E271F2+2712546]
GetHandleVerifier [0x00E1886D+2652765]
GetHandleVerifier [0x00C1002A+520730]
GetHandleVerifier [0x00C0EE06+516086]
Ordinal0 [0x00B2468B+1787531]
Ordinal0 [0x00B28E88+1805960]
Ordinal0 [0x00B28F75+1806197]
Ordinal0 [0x00B31DF1+1842673]
BaseThreadInitThunk [0x773F3744+36]
RtlSetCurrentTransaction [0x77EDA7D4+212]
RtlSetCurrentTransaction [0x77EDA79F+159]

at org.openqa.selenium.remote.W3CHandshakeResponse.lambda$errorHandler$0(W3CHandshakeResponse.java:62)
at org.openqa.selenium.remote.HandshakeResponse.lambda$getResponseFunction$0(HandshakeResponse.java:30)
at org.openqa.selenium.remote.ProtocolHandshake.lambda$createSession$0(ProtocolHandshake.java:126)
at java.base/java.util.stream.ReferencePipeline$3$1.accept(ReferencePipeline.java:197)
at java.base/java.util.Spliterators$ArraySpliterator.tryAdvance(Spliterators.java:1002)
at java.base/java.util.stream.ReferencePipeline.forEachWithCancel(ReferencePipeline.java:129)
at java.base/java.util.stream.AbstractPipeline.copyIntoWithCancel(AbstractPipeline.java:527)
at java.base/java.util.stream.AbstractPipeline.copyInto(AbstractPipeline.java:513)
at java.base/java.util.stream.AbstractPipeline.wrapAndCopyInto(AbstractPipeline.java:499)
at java.base/java.util.stream.FindOps$FindOp.evaluateSequential(FindOps.java:150)
at java.base/java.util.stream.AbstractPipeline.evaluate(AbstractPipeline.java:234)
at java.base/java.util.stream.ReferencePipeline.findFirst(ReferencePipeline.java:647)
at org.openqa.selenium.remote.ProtocolHandshake.createSession(ProtocolHandshake.java:128)
at org.openqa.selenium.remote.ProtocolHandshake.createSession(ProtocolHandshake.java:74)
at org.openqa.selenium.remote.HttpCommandExecutor.execute(HttpCommandExecutor.java:136)
at org.openqa.selenium.remote.service.DriverCommandExecutor.execute(DriverCommandExecutor.java:83)
at org.openqa.selenium.remote.RemoteWebDriver.execute(RemoteWebDriver.java:552)
at org.openqa.selenium.remote.RemoteWebDriver.startSession(RemoteWebDriver.java:213)
at org.openqa.selenium.remote.RemoteWebDriver.<init>(RemoteWebDriver.java:131)
at org.openqa.selenium.chrome.ChromeDriver.<init>(ChromeDriver.java:181)
at org.openqa.selenium.chrome.ChromeDriver.<init>(ChromeDriver.java:168)
at org.openqa.selenium.chrome.ChromeDriver.<init>(ChromeDriver.java:157)
at resources.Base.invokeBrowser(Base.java:90)
at clo.AccountSettings.login(AccountSettings.java:230)
at java.base/java.util.ArrayList.forEach(ArrayList.java:1511)
... Removed 30 stack frames]]>
    </failure>
  </testcase> <!-- @BeforeClass login -->
  <testcase classname="clo.AccountSettings" name="@AfterClass teardown" time="-1.662669914956E9">
    <skipped/>
  </testcase> <!-- @AfterClass teardown -->
  <testcase classname="clo.AccountSettings" name="switchYear" time="0.0">
    <skipped/>
  </testcase> <!-- switchYear -->
  <testcase classname="clo.AccountSettings" name="changePasswordCancel" time="0.0">
    <skipped/>
  </testcase> <!-- changePasswordCancel -->
  <testcase classname="clo.AccountSettings" name="toggleTrainingMode" time="0.0">
    <skipped/>
  </testcase> <!-- toggleTrainingMode -->
  <testcase classname="clo.AccountSettings" name="toggleTrainingModeOff" time="0.0">
    <skipped/>
  </testcase> <!-- toggleTrainingModeOff -->
  <testcase classname="clo.AccountSettings" name="captureSignature" time="0.0">
    <skipped/>
  </testcase> <!-- captureSignature -->
  <testcase classname="clo.AccountSettings" name="loginSettings" time="0.0">
    <skipped/>
  </testcase> <!-- loginSettings -->
</testsuite> <!-- testinprod -->
