<?xml version="1.0" encoding="UTF-8"?>
<!-- Generated by org.testng.reporters.JUnitXMLReporter -->
<testsuite hostname="qaint" ignored="0" name="testinqa" tests="5" failures="1" timestamp="15 Jul 2019 20:05:05 GMT" time="52.006" errors="0">
  <testcase name="addareturn" time="36.511" classname="clo.AddaNewReturn"/>
  <testcase name="scheduleC" time="1.698" classname="clo.AddaNewReturn">
    <failure type="org.openqa.selenium.WebDriverException" message="unknown error: Element &amp;lt;button tabindex=&amp;quot;0&amp;quot; class=&amp;quot;jss194 jss902 jss913 jss914 jss916 jss917&amp;quot; type=&amp;quot;button&amp;quot; id=&amp;quot;btnOptionsHeaderBarForms&amp;quot; aria-haspopup=&amp;quot;true&amp;quot; style=&amp;quot;border-radius: 4px; border: 0px; height: 35px; padding: 0px; min-height: 0px; min-width: 0px;&amp;quot;&amp;gt;...&amp;lt;/button&amp;gt; is not clickable at point (1876, 25). Other element would receive the click: &amp;lt;div class=&amp;quot;jss1376&amp;quot; aria-hidden=&amp;quot;true&amp;quot; style=&amp;quot;opacity: 1; will-change: opacity; transition: opacity 225ms cubic-bezier(0.4, 0, 0.2, 1) 0ms;&amp;quot;&amp;gt;&amp;lt;/div&amp;gt;
  (Session info: chrome=75.0.3770.100)
  (Driver info: chromedriver=2.39.562718 (9a2698cba08cf5a471a29d30c8b3e12becabb0e9),platform=Windows NT 6.2.9200 x86_64) (WARNING: The server did not provide any stacktrace information)
Command duration or timeout: 67 milliseconds
Build info: version: &amp;apos;2.53.0&amp;apos;, revision: &amp;apos;35ae25b1534ae328c771e0856c93e187490ca824&amp;apos;, time: &amp;apos;2016-03-15 10:43:46&amp;apos;
System info: host: &amp;apos;qaint&amp;apos;, ip: &amp;apos;89.0.1.156&amp;apos;, os.name: &amp;apos;Windows Server 2012&amp;apos;, os.arch: &amp;apos;amd64&amp;apos;, os.version: &amp;apos;6.2&amp;apos;, java.version: &amp;apos;1.8.0_171&amp;apos;
Driver info: org.openqa.selenium.chrome.ChromeDriver
Capabilities [{applicationCacheEnabled=false, rotatable=false, mobileEmulationEnabled=false, networkConnectionEnabled=false, chrome={chromedriverVersion=2.39.562718 (9a2698cba08cf5a471a29d30c8b3e12becabb0e9), userDataDir=C:\Users\SSREEN~1\AppData\Local\Temp\4\scoped_dir11348_29995}, takesHeapSnapshot=true, pageLoadStrategy=normal, databaseEnabled=false, handlesAlerts=true, hasTouchScreen=false, version=75.0.3770.100, platform=WIN8, browserConnectionEnabled=false, nativeEvents=true, acceptSslCerts=false, acceptInsecureCerts=false, locationContextEnabled=true, webStorageEnabled=true, browserName=chrome, takesScreenshot=true, javascriptEnabled=true, cssSelectorsEnabled=true, setWindowRect=true, unexpectedAlertBehaviour=}]
Session ID: 6b5842751694d46752d4c2d8b5e37613">
      <![CDATA[org.openqa.selenium.WebDriverException: unknown error: Element <button tabindex="0" class="jss194 jss902 jss913 jss914 jss916 jss917" type="button" id="btnOptionsHeaderBarForms" aria-haspopup="true" style="border-radius: 4px; border: 0px; height: 35px; padding: 0px; min-height: 0px; min-width: 0px;">...</button> is not clickable at point (1876, 25). Other element would receive the click: <div class="jss1376" aria-hidden="true" style="opacity: 1; will-change: opacity; transition: opacity 225ms cubic-bezier(0.4, 0, 0.2, 1) 0ms;"></div>
  (Session info: chrome=75.0.3770.100)
  (Driver info: chromedriver=2.39.562718 (9a2698cba08cf5a471a29d30c8b3e12becabb0e9),platform=Windows NT 6.2.9200 x86_64) (WARNING: The server did not provide any stacktrace information)
Command duration or timeout: 67 milliseconds
Build info: version: '2.53.0', revision: '35ae25b1534ae328c771e0856c93e187490ca824', time: '2016-03-15 10:43:46'
System info: host: 'qaint', ip: '89.0.1.156', os.name: 'Windows Server 2012', os.arch: 'amd64', os.version: '6.2', java.version: '1.8.0_171'
Driver info: org.openqa.selenium.chrome.ChromeDriver
Capabilities [{applicationCacheEnabled=false, rotatable=false, mobileEmulationEnabled=false, networkConnectionEnabled=false, chrome={chromedriverVersion=2.39.562718 (9a2698cba08cf5a471a29d30c8b3e12becabb0e9), userDataDir=C:\Users\SSREEN~1\AppData\Local\Temp\4\scoped_dir11348_29995}, takesHeapSnapshot=true, pageLoadStrategy=normal, databaseEnabled=false, handlesAlerts=true, hasTouchScreen=false, version=75.0.3770.100, platform=WIN8, browserConnectionEnabled=false, nativeEvents=true, acceptSslCerts=false, acceptInsecureCerts=false, locationContextEnabled=true, webStorageEnabled=true, browserName=chrome, takesScreenshot=true, javascriptEnabled=true, cssSelectorsEnabled=true, setWindowRect=true, unexpectedAlertBehaviour=}]
Session ID: 6b5842751694d46752d4c2d8b5e37613
at org.openqa.selenium.remote.ErrorHandler.createThrowable(ErrorHandler.java:206)
at org.openqa.selenium.remote.ErrorHandler.throwIfResponseFailed(ErrorHandler.java:158)
at org.openqa.selenium.remote.RemoteWebDriver.execute(RemoteWebDriver.java:678)
at org.openqa.selenium.remote.RemoteWebElement.execute(RemoteWebElement.java:327)
at org.openqa.selenium.remote.RemoteWebElement.click(RemoteWebElement.java:85)
at resources.Base.saveTaxReturn(Base.java:169)
at clo.AddaNewReturn.scheduleC(AddaNewReturn.java:333)
at java.util.concurrent.FutureTask.run(FutureTask.java:266)
at java.util.concurrent.ThreadPoolExecutor.runWorker(ThreadPoolExecutor.java:1149)
at java.util.concurrent.ThreadPoolExecutor$Worker.run(ThreadPoolExecutor.java:624)
at java.lang.Thread.run(Thread.java:748)
... Removed 20 stack frames]]>
    </failure>
  </testcase> <!-- scheduleC -->
  <testcase name="scheduleE" time="0.0" classname="clo.AddaNewReturn">
    <skipped/>
  </testcase> <!-- scheduleE -->
  <testcase name="frm1099_MISC" time="0.0" classname="clo.AddaNewReturn">
    <skipped/>
  </testcase> <!-- frm1099_MISC -->
  <testcase name="printTaxReturn" time="0.0" classname="clo.AddaNewReturn">
    <skipped/>
  </testcase> <!-- printTaxReturn -->
</testsuite> <!-- testinqa -->
